[0m21:11:13.719994 [debug] [MainThread]: Sending event: {'category': 'dbt', 'action': 'invocation', 'label': 'start', 'context': [<snowplow_tracker.self_describing_json.SelfDescribingJson object at 0x10b0fc440>, <snowplow_tracker.self_describing_json.SelfDescribingJson object at 0x10c5bfb10>, <snowplow_tracker.self_describing_json.SelfDescribingJson object at 0x10c5bf9d0>]}


============================== 21:11:13.724536 | bbaa7a64-3fd4-4799-a9b1-c744b09bf563 ==============================
[0m21:11:13.724536 [info ] [MainThread]: Running with dbt=1.10.4
[0m21:11:13.724819 [debug] [MainThread]: running dbt with arguments {'printer_width': '80', 'indirect_selection': 'eager', 'write_json': 'True', 'log_cache_events': 'False', 'partial_parse': 'True', 'cache_selected_only': 'False', 'warn_error': 'None', 'version_check': 'True', 'debug': 'False', 'log_path': 'logs', 'profiles_dir': '/Users/bryanumacam/.dbt', 'fail_fast': 'False', 'use_colors': 'True', 'use_experimental_parser': 'False', 'empty': 'None', 'quiet': 'False', 'no_print': 'None', 'log_format': 'default', 'invocation_command': 'dbt init', 'warn_error_options': 'WarnErrorOptionsV2(error=[], warn=[], silence=[])', 'static_parser': 'True', 'target_path': 'None', 'introspect': 'True', 'send_anonymous_usage_stats': 'True'}
[0m21:11:13.732682 [info ] [MainThread]: Creating dbt configuration folder at /Users/bryanumacam/.dbt
[0m21:11:24.338551 [debug] [MainThread]: Starter project path: /Users/bryanumacam/python_envs/sellerxenv/lib/python3.13/site-packages/dbt/include/starter_project
[0m21:11:24.348103 [info ] [MainThread]: 
Your new dbt project "sellerx_dbt_project" was created!

For more information on how to configure the profiles.yml file,
please consult the dbt documentation here:

  https://docs.getdbt.com/docs/configure-your-profile

One more thing:

Need help? Don't hesitate to reach out to us via GitHub issues or on Slack:

  https://community.getdbt.com/

Happy modeling!

[0m21:11:24.348626 [info ] [MainThread]: Setting up your profile.
[0m21:13:48.848854 [info ] [MainThread]: Profile sellerx_dbt_project written to /Users/bryanumacam/.dbt/profiles.yml using target's profile_template.yml and your supplied values. Run 'dbt debug' to validate the connection.
[0m21:13:48.875255 [debug] [MainThread]: Resource report: {"command_name": "init", "command_success": true, "command_wall_clock_time": 155.19461, "process_in_blocks": "0", "process_kernel_time": 0.201019, "process_mem_max_rss": "131678208", "process_out_blocks": "0", "process_user_time": 0.951636}
[0m21:13:48.877040 [debug] [MainThread]: Command `dbt init` succeeded at 21:13:48.876863 after 155.20 seconds
[0m21:13:48.877612 [debug] [MainThread]: Sending event: {'category': 'dbt', 'action': 'invocation', 'label': 'end', 'context': [<snowplow_tracker.self_describing_json.SelfDescribingJson object at 0x10e624d60>, <snowplow_tracker.self_describing_json.SelfDescribingJson object at 0x10bdf1eb0>, <snowplow_tracker.self_describing_json.SelfDescribingJson object at 0x10e576e00>]}
[0m21:13:48.878114 [debug] [MainThread]: Flushing usage events
[0m21:13:51.090512 [debug] [MainThread]: An error was encountered while trying to flush usage events
